#
# There is insufficient memory for the Java Runtime Environment to continue.
# Native memory allocation (mmap) failed to map 253755392 bytes for G1 virtual space
# Possible reasons:
#   The system is out of physical RAM or swap space
#   The process is running with CompressedOops enabled, and the Java Heap may be blocking the growth of the native heap
# Possible solutions:
#   Reduce memory load on the system
#   Increase physical memory or swap space
#   Check if swap backing store is full
#   Decrease Java heap size (-Xmx/-Xms)
#   Decrease number of Java threads
#   Decrease Java thread stack sizes (-Xss)
#   Set larger code cache with -XX:ReservedCodeCacheSize=
#   JVM is running with Zero Based Compressed Oops mode in which the Java heap is
#     placed in the first 32GB address space. The Java Heap base address is the
#     maximum limit for the native heap growth. Please use -XX:HeapBaseMinAddress
#     to set the Java Heap base and to place the Java Heap above 32GB virtual address.
# This output file may be truncated or incomplete.
#
#  Out of Memory Error (os_windows.cpp:3550), pid=15296, tid=29248
#
# JRE version:  (17.0.8+9) (build )
# Java VM: Java HotSpot(TM) 64-Bit Server VM (17.0.8+9-LTS-211, mixed mode, sharing, tiered, compressed oops, compressed class ptrs, g1 gc, windows-amd64)
# No core dump will be written. Minidumps are not enabled by default on client versions of Windows
#

---------------  S U M M A R Y ------------

Command Line: -Dfile.encoding=UTF-8 -Dstdout.encoding=UTF-8 -Dstderr.encoding=UTF-8 --module-path=C:\Users\ciclesgs.EAAULA211W-007\git\Unitat_11\Unitat_11\bin -XX:+ShowCodeDetailsInExceptionMessages -Djdk.module.main=Unitat_11 Unitat_11/Exercici_11_2.Exercici

Host: Intel(R) Core(TM) i5-10500 CPU @ 3.10GHz, 12 cores, 15G,  Windows 11 , 64 bit Build 22621 (10.0.22621.3374)
Time: Thu May  9 19:06:39 2024 Romance Daylight Time elapsed time: 0.015491 seconds (0d 0h 0m 0s)

---------------  T H R E A D  ---------------

Current thread (0x0000019689c2fce0):  JavaThread "Unknown thread" [_thread_in_vm, id=29248, stack(0x00000089c9500000,0x00000089c9600000)]

Stack: [0x00000089c9500000,0x00000089c9600000]
Native frames: (J=compiled Java code, j=interpreted, Vv=VM code, C=native code)
V  [jvm.dll+0x677d0a]
V  [jvm.dll+0x7d8c54]
V  [jvm.dll+0x7da3fe]
V  [jvm.dll+0x7daa63]
V  [jvm.dll+0x245c5f]
V  [jvm.dll+0x674bb9]
V  [jvm.dll+0x6694f2]
V  [jvm.dll+0x3031d6]
V  [jvm.dll+0x30a756]
V  [jvm.dll+0x359f9e]
V  [jvm.dll+0x35a1cf]
V  [jvm.dll+0x2da3e8]
V  [jvm.dll+0x2db354]
V  [jvm.dll+0x7aa711]
V  [jvm.dll+0x367b51]
V  [jvm.dll+0x789979]
V  [jvm.dll+0x3eb05f]
V  [jvm.dll+0x3ecae1]
C  [jli.dll+0x5297]
C  [ucrtbase.dll+0x29333]
C  [KERNEL32.DLL+0x1257d]
C  [ntdll.dll+0x5aa48]


---------------  P R O C E S S  ---------------

Threads class SMR info:
_java_thread_list=0x00007ffe722c59d8, length=0, elements={
}

Java Threads: ( => current thread )

Other Threads:
  0x0000019689c98030 GCTaskThread "GC Thread#0" [stack: 0x00000089c9600000,0x00000089c9700000] [id=28828]
  0x0000019689ca7f00 ConcurrentGCThread "G1 Main Marker" [stack: 0x00000089c9700000,0x00000089c9800000] [id=28868]
  0x0000019689ca8810 ConcurrentGCThread "G1 Conc#0" [stack: 0x00000089c9800000,0x00000089c9900000] [id=28956]

[error occurred during error reporting (printing all threads), id 0xc0000005, EXCEPTION_ACCESS_VIOLATION (0xc0000005) at pc=0x00007ffe71afb047]

VM state: not at safepoint (not fully initialized)

VM Mutex/Monitor currently owned by a thread:  ([mutex/lock_event])
[0x0000019689c2a9e0] Heap_lock - owner thread: 0x0000019689c2fce0

Heap address: 0x000000070f600000, size: 3850 MB, Compressed Oops mode: Zero based, Oop shift amount: 3

CDS archive(s) mapped at: [0x0000000000000000-0x0000000000000000-0x0000000000000000), size 0, SharedBaseAddress: 0x0000000800000000, ArchiveRelocationMode: 1.
Narrow klass base: 0x0000000000000000, Narrow klass shift: 0, Narrow klass range: 0x0

GC Precious Log:
<Empty>

Heap:
 garbage-first heap   total 0K, used 0K [0x000000070f600000, 0x0000000800000000)
  region size 2048K, 0 young (0K), 0 survivors (0K)

[error occurred during error reporting (printing heap information), id 0xc0000005, EXCEPTION_ACCESS_VIOLATION (0xc0000005) at pc=0x00007ffe71ee1499]

GC Heap History (0 events):
No events

Deoptimization events (0 events):
No events

Classes unloaded (0 events):
No events

Classes redefined (0 events):
No events

Internal exceptions (0 events):
No events

VM Operations (0 events):
No events

Events (1 events):
Event: 0.005 Loaded shared library C:\Program Files\Java\jdk-17\bin\java.dll


Dynamic libraries:
0x00007ff627bc0000 - 0x00007ff627bd0000 	C:\Program Files\Java\jdk-17\bin\javaw.exe
0x00007ffed2f30000 - 0x00007ffed3146000 	C:\WINDOWS\SYSTEM32\ntdll.dll
0x00007ffed1a80000 - 0x00007ffed1b44000 	C:\WINDOWS\System32\KERNEL32.DLL
0x00007ffed03a0000 - 0x00007ffed0747000 	C:\WINDOWS\System32\KERNELBASE.dll
0x00007ffed0250000 - 0x00007ffed0361000 	C:\WINDOWS\System32\ucrtbase.dll
0x00007ffe78f10000 - 0x00007ffe78f2b000 	C:\Program Files\Java\jdk-17\bin\VCRUNTIME140.dll
0x00007ffecac50000 - 0x00007ffecac69000 	C:\Program Files\Java\jdk-17\bin\jli.dll
0x00007ffed1220000 - 0x00007ffed12d2000 	C:\WINDOWS\System32\ADVAPI32.dll
0x00007ffed0cf0000 - 0x00007ffed0d97000 	C:\WINDOWS\System32\msvcrt.dll
0x00007ffed1100000 - 0x00007ffed11a8000 	C:\WINDOWS\System32\sechost.dll
0x00007ffed0810000 - 0x00007ffed0838000 	C:\WINDOWS\System32\bcrypt.dll
0x00007ffed2430000 - 0x00007ffed2545000 	C:\WINDOWS\System32\RPCRT4.dll
0x00007ffed0e50000 - 0x00007ffed0ffe000 	C:\WINDOWS\System32\USER32.dll
0x00007ffeb9350000 - 0x00007ffeb95e3000 	C:\WINDOWS\WinSxS\amd64_microsoft.windows.common-controls_6595b64144ccf1df_6.0.22621.3235_none_270f74e173860f98\COMCTL32.dll
0x00007ffed0370000 - 0x00007ffed0396000 	C:\WINDOWS\System32\win32u.dll
0x00007ffed2ec0000 - 0x00007ffed2ee9000 	C:\WINDOWS\System32\GDI32.dll
0x00007ffed09b0000 - 0x00007ffed0ac9000 	C:\WINDOWS\System32\gdi32full.dll
0x00007ffed0ad0000 - 0x00007ffed0b6a000 	C:\WINDOWS\System32\msvcp_win.dll
0x00007ffecb0c0000 - 0x00007ffecb0ca000 	C:\WINDOWS\SYSTEM32\VERSION.dll
0x00007ffed0e10000 - 0x00007ffed0e41000 	C:\WINDOWS\System32\IMM32.DLL
0x00007ffecac40000 - 0x00007ffecac4c000 	C:\Program Files\Java\jdk-17\bin\vcruntime140_1.dll
0x00007ffe78e80000 - 0x00007ffe78f0e000 	C:\Program Files\Java\jdk-17\bin\msvcp140.dll
0x00007ffe71810000 - 0x00007ffe723ee000 	C:\Program Files\Java\jdk-17\bin\server\jvm.dll
0x00007ffed1ff0000 - 0x00007ffed1ff8000 	C:\WINDOWS\System32\PSAPI.DLL
0x00007ffec1340000 - 0x00007ffec1374000 	C:\WINDOWS\SYSTEM32\WINMM.dll
0x00007ffebd650000 - 0x00007ffebd659000 	C:\WINDOWS\SYSTEM32\WSOCK32.dll
0x00007ffed1580000 - 0x00007ffed15f1000 	C:\WINDOWS\System32\WS2_32.dll
0x00007ffecf230000 - 0x00007ffecf248000 	C:\WINDOWS\SYSTEM32\kernel.appcore.dll
0x00007ffea7790000 - 0x00007ffea779a000 	C:\Program Files\Java\jdk-17\bin\jimage.dll
0x00007ffeae500000 - 0x00007ffeae733000 	C:\WINDOWS\SYSTEM32\DBGHELP.DLL
0x00007ffed2080000 - 0x00007ffed2408000 	C:\WINDOWS\System32\combase.dll
0x00007ffed14a0000 - 0x00007ffed1577000 	C:\WINDOWS\System32\OLEAUT32.dll
0x00007ffeae4c0000 - 0x00007ffeae4f2000 	C:\WINDOWS\SYSTEM32\dbgcore.DLL
0x00007ffed0be0000 - 0x00007ffed0c59000 	C:\WINDOWS\System32\bcryptPrimitives.dll
0x00007ffea7120000 - 0x00007ffea7145000 	C:\Program Files\Java\jdk-17\bin\java.dll

dbghelp: loaded successfully - version: 4.0.5 - missing functions: none
symbol engine: initialized successfully - sym options: 0x614 - pdb path: .;C:\Program Files\Java\jdk-17\bin;C:\WINDOWS\SYSTEM32;C:\WINDOWS\WinSxS\amd64_microsoft.windows.common-controls_6595b64144ccf1df_6.0.22621.3235_none_270f74e173860f98;C:\Program Files\Java\jdk-17\bin\server

VM Arguments:
jvm_args: -Dfile.encoding=UTF-8 -Dstdout.encoding=UTF-8 -Dstderr.encoding=UTF-8 --module-path=C:\Users\ciclesgs.EAAULA211W-007\git\Unitat_11\Unitat_11\bin -XX:+ShowCodeDetailsInExceptionMessages -Djdk.module.main=Unitat_11 
java_command: Unitat_11/Exercici_11_2.Exercici
java_class_path (initial): <not set>
Launcher Type: SUN_STANDARD

[Global flags]
     intx CICompilerCount                          = 4                                         {product} {ergonomic}
     uint ConcGCThreads                            = 3                                         {product} {ergonomic}
     uint G1ConcRefinementThreads                  = 10                                        {product} {ergonomic}
   size_t G1HeapRegionSize                         = 2097152                                   {product} {ergonomic}
    uintx GCDrainStackTargetSize                   = 64                                        {product} {ergonomic}
   size_t InitialHeapSize                          = 253755392                                 {product} {ergonomic}
   size_t MarkStackSize                            = 4194304                                   {product} {ergonomic}
   size_t MaxHeapSize                              = 4037017600                                {product} {ergonomic}
   size_t MinHeapDeltaBytes                        = 2097152                                   {product} {ergonomic}
   size_t MinHeapSize                              = 8388608                                   {product} {ergonomic}
    uintx NonNMethodCodeHeapSize                   = 5839372                                {pd product} {ergonomic}
    uintx NonProfiledCodeHeapSize                  = 122909434                              {pd product} {ergonomic}
    uintx ProfiledCodeHeapSize                     = 122909434                              {pd product} {ergonomic}
    uintx ReservedCodeCacheSize                    = 251658240                              {pd product} {ergonomic}
     bool SegmentedCodeCache                       = true                                      {product} {ergonomic}
     bool ShowCodeDetailsInExceptionMessages       = true                                   {manageable} {command line}
   size_t SoftMaxHeapSize                          = 4037017600                             {manageable} {ergonomic}
     bool UseCompressedClassPointers               = true                           {product lp64_product} {ergonomic}
     bool UseCompressedOops                        = true                           {product lp64_product} {ergonomic}
     bool UseG1GC                                  = true                                      {product} {ergonomic}
     bool UseLargePagesIndividualAllocation        = false                                  {pd product} {ergonomic}

Logging:
Log output configuration:
 #0: stdout all=warning uptime,level,tags
 #1: stderr all=off uptime,level,tags

Environment Variables:
PATH=C:/Program Files/Java/jdk-17/bin/server;C:/Program Files/Java/jdk-17/bin;C:\Program Files\Common Files\Oracle\Java\javapath;C:\WINDOWS\system32;C:\WINDOWS;C:\WINDOWS\System32\Wbem;C:\WINDOWS\System32\WindowsPowerShell\v1.0\;C:\WINDOWS\System32\OpenSSH\;C:\Program Files (x86)\dotnet\;C:\Program Files\Microsoft SQL Server\Client SDK\ODBC\170\Tools\Binn\;C:\Program Files (x86)\Microsoft SQL Server\150\Tools\Binn\;C:\Program Files\Microsoft SQL Server\150\Tools\Binn\;C:\Program Files\Microsoft SQL Server\150\DTS\Binn\;C:\Program Files\Git\cmd;C:\MinGW\bin;C:\Users\ciclesgs.EAAULA211W-007\AppData\Local\Microsoft\WindowsApps;;C:\Users\ciclesgs.EAAULA211W-007\AppData\Local\Programs\Microsoft VS Code\bin;C:\WINDOWS\System32;
USERNAME=ciclesgs
OS=Windows_NT
PROCESSOR_IDENTIFIER=Intel64 Family 6 Model 165 Stepping 3, GenuineIntel



---------------  S Y S T E M  ---------------

OS:
 Windows 11 , 64 bit Build 22621 (10.0.22621.3374)
OS uptime: 0 days 5:45 hours

CPU: total 12 (initial active 12) (6 cores per cpu, 2 threads per core) family 6 model 165 stepping 3 microcode 0xfa, cx8, cmov, fxsr, ht, mmx, 3dnowpref, sse, sse2, sse3, ssse3, sse4.1, sse4.2, popcnt, lzcnt, tsc, tscinvbit, avx, avx2, aes, erms, clmul, bmi1, bmi2, adx, fma, vzeroupper, clflush, clflushopt

Memory: 4k page, system-wide physical 15399M (5791M free)
TotalPageFile size 35174M (AvailPageFile size 170M)
current process WorkingSet (physical memory assigned to process): 11M, peak: 11M
current process commit charge ("private bytes"): 64M, peak: 306M

vm_info: Java HotSpot(TM) 64-Bit Server VM (17.0.8+9-LTS-211) for windows-amd64 JRE (17.0.8+9-LTS-211), built on Jun 14 2023 10:34:31 by "mach5one" with MS VC++ 17.1 (VS2022)

END.
